c:\users\colli\documents\projects\opengl_practice\shader_practice\x64\debug\vc143.pdb
c:\users\colli\documents\projects\opengl_practice\shader_practice\x64\debug\vc143.idb
c:\users\colli\documents\projects\opengl_practice\shader_practice\x64\debug\triangle.obj
c:\users\colli\documents\projects\opengl_practice\shader_practice\x64\debug\stb_image.obj
c:\users\colli\documents\projects\opengl_practice\shader_practice\x64\debug\square.obj
c:\users\colli\documents\projects\opengl_practice\shader_practice\x64\debug\spotlight.obj
c:\users\colli\documents\projects\opengl_practice\shader_practice\x64\debug\shape.obj
c:\users\colli\documents\projects\opengl_practice\shader_practice\x64\debug\renderer.obj
c:\users\colli\documents\projects\opengl_practice\shader_practice\x64\debug\pointlight.obj
c:\users\colli\documents\projects\opengl_practice\shader_practice\x64\debug\objectloader.obj
c:\users\colli\documents\projects\opengl_practice\shader_practice\x64\debug\object.obj
c:\users\colli\documents\projects\opengl_practice\shader_practice\x64\debug\model.obj
c:\users\colli\documents\projects\opengl_practice\shader_practice\x64\debug\mesh.obj
c:\users\colli\documents\projects\opengl_practice\shader_practice\x64\debug\main.obj
c:\users\colli\documents\projects\opengl_practice\shader_practice\x64\debug\light.obj
c:\users\colli\documents\projects\opengl_practice\shader_practice\x64\debug\engine.obj
c:\users\colli\documents\projects\opengl_practice\shader_practice\x64\debug\directionallight.obj
c:\users\colli\documents\projects\opengl_practice\shader_practice\x64\debug\cube.obj
c:\users\colli\documents\projects\opengl_practice\shader_practice\x64\debug\camera.obj
c:\users\colli\source\repos\shader_practice\shader_practice\x64\debug\vc143.pdb
c:\users\colli\source\repos\shader_practice\shader_practice\x64\debug\vc143.idb
c:\users\colli\documents\projects\opengl_practice\shader_practice\x64\debug\shader.h.ifc
c:\users\colli\documents\projects\opengl_practice\shader_practice\x64\debug\shader.h.ifc.d.json
c:\users\colli\documents\projects\opengl_practice\shader_practice\x64\debug\shader.h.obj
c:\users\colli\documents\projects\opengl_practice\shader_practice\x64\debug\light.h.ifc
c:\users\colli\documents\projects\opengl_practice\shader_practice\x64\debug\light.h.ifc.d.json
c:\users\colli\documents\projects\opengl_practice\shader_practice\x64\debug\light.h.obj
c:\users\colli\documents\projects\opengl_practice\shader_practice\x64\debug\square.h.ifc
c:\users\colli\documents\projects\opengl_practice\shader_practice\x64\debug\square.h.ifc.d.json
c:\users\colli\documents\projects\opengl_practice\shader_practice\x64\debug\square.h.obj
c:\users\colli\documents\projects\opengl_practice\shader_practice\x64\debug\glad.obj
c:\users\colli\source\repos\shader_practice\shader_practice\x64\debug\shader.h.module.json
c:\users\colli\documents\projects\opengl_practice\shader_practice\x64\debug\shader.h.module.json
c:\users\colli\documents\projects\opengl_practice\shader_practice\x64\debug\light.h.module.json
c:\users\colli\documents\projects\opengl_practice\shader_practice\x64\debug\square.h.module.json
c:\users\colli\documents\projects\opengl_practice\shader_practice\x64\debug\shader_practice.ilk
c:\users\colli\documents\projects\opengl_practice\shader_practice\x64\debug\main.new.obj.enc
c:\users\colli\documents\projects\opengl_practice\shader_practice\x64\debug\shader.h.new.obj.enc
c:\users\colli\documents\projects\opengl_practice\x64\debug\shader_practice.pdb
c:\users\colli\documents\projects\opengl_practice\shader_practice\x64\debug\shader_practice.tlog\cl.command.1.tlog
c:\users\colli\documents\projects\opengl_practice\shader_practice\x64\debug\shader_practice.tlog\cl.items.tlog
c:\users\colli\documents\projects\opengl_practice\shader_practice\x64\debug\shader_practice.tlog\cl.read.1.tlog
c:\users\colli\documents\projects\opengl_practice\shader_practice\x64\debug\shader_practice.tlog\cl.write.1.tlog
c:\users\colli\documents\projects\opengl_practice\shader_practice\x64\debug\shader_practice.tlog\link-cvtres.read.1.tlog
c:\users\colli\documents\projects\opengl_practice\shader_practice\x64\debug\shader_practice.tlog\link-cvtres.write.1.tlog
c:\users\colli\documents\projects\opengl_practice\shader_practice\x64\debug\shader_practice.tlog\link-rc.read.1.tlog
c:\users\colli\documents\projects\opengl_practice\shader_practice\x64\debug\shader_practice.tlog\link-rc.write.1.tlog
c:\users\colli\documents\projects\opengl_practice\shader_practice\x64\debug\shader_practice.tlog\link.7428-cvtres.read.1.tlog
c:\users\colli\documents\projects\opengl_practice\shader_practice\x64\debug\shader_practice.tlog\link.7428-cvtres.write.1.tlog
c:\users\colli\documents\projects\opengl_practice\shader_practice\x64\debug\shader_practice.tlog\link.7428-rc.read.1.tlog
c:\users\colli\documents\projects\opengl_practice\shader_practice\x64\debug\shader_practice.tlog\link.7428-rc.write.1.tlog
c:\users\colli\documents\projects\opengl_practice\shader_practice\x64\debug\shader_practice.tlog\link.7428.read.1.tlog
c:\users\colli\documents\projects\opengl_practice\shader_practice\x64\debug\shader_practice.tlog\link.7428.read.2.tlog
c:\users\colli\documents\projects\opengl_practice\shader_practice\x64\debug\shader_practice.tlog\link.7428.write.1.tlog
c:\users\colli\documents\projects\opengl_practice\shader_practice\x64\debug\shader_practice.tlog\link.command.1.tlog
c:\users\colli\documents\projects\opengl_practice\shader_practice\x64\debug\shader_practice.tlog\link.read.1.tlog
c:\users\colli\documents\projects\opengl_practice\shader_practice\x64\debug\shader_practice.tlog\link.read.2.tlog
c:\users\colli\documents\projects\opengl_practice\shader_practice\x64\debug\shader_practice.tlog\link.secondary.1.tlog
c:\users\colli\documents\projects\opengl_practice\shader_practice\x64\debug\shader_practice.tlog\link.write.1.tlog
c:\users\colli\documents\projects\opengl_practice\shader_practice\x64\debug\shader_practice_md.tlog\cl.command.1.tlog
c:\users\colli\documents\projects\opengl_practice\shader_practice\x64\debug\shader_practice_md.tlog\microsoft.build.cpptasks.cl.read.1.tlog
c:\users\colli\documents\projects\opengl_practice\shader_practice\x64\debug\shader_practice_md.tlog\microsoft.build.cpptasks.cl.write.1.tlog
