  Scanning sources for module dependencies...
  module_2_stencil_testing.cpp
C:\Users\colli\Documents\Projects\OpenGL-Modules\OpenGL_Practice\shader_practice\modules\Advanced_OpenGL\module_2_stencil_testing\module_2_stencil_testing.cpp(209,28): warning C4244: 'initializing': conversion from 'double' to 'float', possible loss of data
C:\Users\colli\Documents\Projects\OpenGL-Modules\OpenGL_Practice\shader_practice\modules\Advanced_OpenGL\module_2_stencil_testing\module_2_stencil_testing.cpp(280,45): warning C4305: 'argument': truncation from 'double' to 'T'
C:\Users\colli\Documents\Projects\OpenGL-Modules\OpenGL_Practice\shader_practice\modules\Advanced_OpenGL\module_2_stencil_testing\module_2_stencil_testing.cpp(280,45): warning C4305:         with
C:\Users\colli\Documents\Projects\OpenGL-Modules\OpenGL_Practice\shader_practice\modules\Advanced_OpenGL\module_2_stencil_testing\module_2_stencil_testing.cpp(280,45): warning C4305:         [
C:\Users\colli\Documents\Projects\OpenGL-Modules\OpenGL_Practice\shader_practice\modules\Advanced_OpenGL\module_2_stencil_testing\module_2_stencil_testing.cpp(280,45): warning C4305:             T=float
C:\Users\colli\Documents\Projects\OpenGL-Modules\OpenGL_Practice\shader_practice\modules\Advanced_OpenGL\module_2_stencil_testing\module_2_stencil_testing.cpp(280,45): warning C4305:         ]
C:\Users\colli\Documents\Projects\OpenGL-Modules\OpenGL_Practice\shader_practice\modules\Advanced_OpenGL\module_2_stencil_testing\module_2_stencil_testing.cpp(290,45): warning C4305: 'argument': truncation from 'double' to 'T'
C:\Users\colli\Documents\Projects\OpenGL-Modules\OpenGL_Practice\shader_practice\modules\Advanced_OpenGL\module_2_stencil_testing\module_2_stencil_testing.cpp(290,45): warning C4305:         with
C:\Users\colli\Documents\Projects\OpenGL-Modules\OpenGL_Practice\shader_practice\modules\Advanced_OpenGL\module_2_stencil_testing\module_2_stencil_testing.cpp(290,45): warning C4305:         [
C:\Users\colli\Documents\Projects\OpenGL-Modules\OpenGL_Practice\shader_practice\modules\Advanced_OpenGL\module_2_stencil_testing\module_2_stencil_testing.cpp(290,45): warning C4305:             T=float
C:\Users\colli\Documents\Projects\OpenGL-Modules\OpenGL_Practice\shader_practice\modules\Advanced_OpenGL\module_2_stencil_testing\module_2_stencil_testing.cpp(290,45): warning C4305:         ]
C:\Users\colli\Documents\Projects\OpenGL-Modules\OpenGL_Practice\shader_practice\modules\Advanced_OpenGL\module_2_stencil_testing\module_2_stencil_testing.cpp(338,17): warning C4244: '=': conversion from 'double' to 'float', possible loss of data
C:\Users\colli\Documents\Projects\OpenGL-Modules\OpenGL_Practice\shader_practice\modules\Advanced_OpenGL\module_2_stencil_testing\module_2_stencil_testing.cpp(339,17): warning C4244: '=': conversion from 'double' to 'float', possible loss of data
C:\Users\colli\Documents\Projects\OpenGL-Modules\OpenGL_Practice\shader_practice\modules\Advanced_OpenGL\module_2_stencil_testing\module_2_stencil_testing.cpp(343,19): warning C4244: 'initializing': conversion from 'double' to 'float', possible loss of data
C:\Users\colli\Documents\Projects\OpenGL-Modules\OpenGL_Practice\shader_practice\modules\Advanced_OpenGL\module_2_stencil_testing\module_2_stencil_testing.cpp(344,19): warning C4244: 'initializing': conversion from 'double' to 'float', possible loss of data
C:\Users\colli\Documents\Projects\OpenGL-Modules\OpenGL_Practice\shader_practice\modules\Advanced_OpenGL\module_2_stencil_testing\module_2_stencil_testing.cpp(345,13): warning C4244: '=': conversion from 'double' to 'float', possible loss of data
C:\Users\colli\Documents\Projects\OpenGL-Modules\OpenGL_Practice\shader_practice\modules\Advanced_OpenGL\module_2_stencil_testing\module_2_stencil_testing.cpp(346,13): warning C4244: '=': conversion from 'double' to 'float', possible loss of data
  shader_practice.vcxproj -> C:\Users\colli\Documents\Projects\OpenGL-Modules\OpenGL_Practice\x64\Debug\shader_practice.exe
